# JRE version: Java(TM) SE Runtime Environment (25.0.2+10) (build 25.0.2+10-LTS-69)
# Java VM: Java HotSpot(TM) 64-Bit Server VM (25.0.2+10-LTS-69, mixed mode, emulated-client, sharing, tiered, compressed oops, compressed class ptrs, g1 gc, windows-amd64)
GC Precious Log:
 CardTable entry size: 512
 Card Set container configuration: InlinePtr #cards 4 size 8 Array Of Cards #cards 16 size 48 Howl #buckets 8 coarsen threshold 3686 Howl Bitmap #cards 512 size 80 coarsen threshold 460 Card regions per heap region 1 cards per card region 4096
 CPUs: 8 total, 8 available
 Memory: 16221M
 Large Page Support: Disabled
 NUMA Support: Disabled
 Compressed Oops: Enabled (Zero based)
 Heap Region Size: 2M
 Heap Min Capacity: 8M
 Heap Initial Capacity: 254M
 Heap Max Capacity: 4056M
 Pre-touch: Disabled
 Parallel Workers: 8
 Concurrent Workers: 2
 Concurrent Refinement Workers: 8
 Periodic GC: Disabled
Heap:
 garbage-first heap   total reserved 4153344K, committed 157696K, used 93558K [0x0000000702800000, 0x0000000800000000)
  region size 2048K, 15 young (30720K), 4 survivors (8192K)
GC Heap Usage History (20 events):
Event: 1.883 {heap Before GC invocations=5 (full 0):
 garbage-first heap   total reserved 4153344K, committed 131072K, used 96856K [0x0000000702800000, 0x0000000800000000)
  region size 2048K, 29 young (59392K), 4 survivors (8192K)
}
Event: 1.889 {heap After GC invocations=6 (full 0):
 garbage-first heap   total reserved 4153344K, committed 131072K, used 50250K [0x0000000702800000, 0x0000000800000000)
  region size 2048K, 3 young (6144K), 3 survivors (6144K)
}
Event: 2.383 {heap Before GC invocations=6 (full 0):
 garbage-first heap   total reserved 4153344K, committed 131072K, used 101450K [0x0000000702800000, 0x0000000800000000)
  region size 2048K, 29 young (59392K), 3 survivors (6144K)
}
Event: 2.389 {heap After GC invocations=7 (full 0):
 garbage-first heap   total reserved 4153344K, committed 131072K, used 55210K [0x0000000702800000, 0x0000000800000000)
  region size 2048K, 3 young (6144K), 3 survivors (6144K)
}
Event: 2.595 {heap Before GC invocations=7 (full 0):
 garbage-first heap   total reserved 4153344K, committed 131072K, used 96170K [0x0000000702800000, 0x0000000800000000)
  region size 2048K, 24 young (49152K), 3 survivors (6144K)
}
Event: 2.599 {heap After GC invocations=8 (full 0):
 garbage-first heap   total reserved 4153344K, committed 157696K, used 56734K [0x0000000702800000, 0x0000000800000000)
  region size 2048K, 1 young (2048K), 1 survivors (2048K)
}
Event: 3.502 {heap Before GC invocations=9 (full 0):
 garbage-first heap   total reserved 4153344K, committed 157696K, used 128414K [0x0000000702800000, 0x0000000800000000)
  region size 2048K, 37 young (75776K), 1 survivors (2048K)
}
Event: 3.507 {heap After GC invocations=10 (full 0):
 garbage-first heap   total reserved 4153344K, committed 157696K, used 62366K [0x0000000702800000, 0x0000000800000000)
  region size 2048K, 4 young (8192K), 4 survivors (8192K)
}
Event: 3.616 {heap Before GC invocations=10 (full 0):
 garbage-first heap   total reserved 4153344K, committed 157696K, used 74654K [0x0000000702800000, 0x0000000800000000)
  region size 2048K, 11 young (22528K), 4 survivors (8192K)
}
Event: 3.620 {heap After GC invocations=11 (full 0):
 garbage-first heap   total reserved 4153344K, committed 157696K, used 63064K [0x0000000702800000, 0x0000000800000000)
  region size 2048K, 1 young (2048K), 1 survivors (2048K)
}
Event: 3.632 {heap Before GC invocations=11 (full 0):
 garbage-first heap   total reserved 4153344K, committed 157696K, used 63064K [0x0000000702800000, 0x0000000800000000)
  region size 2048K, 2 young (4096K), 1 survivors (2048K)
}
Event: 3.633 {heap After GC invocations=12 (full 0):
 garbage-first heap   total reserved 4153344K, committed 157696K, used 62594K [0x0000000702800000, 0x0000000800000000)
  region size 2048K, 1 young (2048K), 1 survivors (2048K)
}
Event: 4.348 {heap Before GC invocations=13 (full 0):
 garbage-first heap   total reserved 4153344K, committed 157696K, used 136322K [0x0000000702800000, 0x0000000800000000)
  region size 2048K, 37 young (75776K), 1 survivors (2048K)
}
Event: 4.351 {heap After GC invocations=14 (full 0):
 garbage-first heap   total reserved 4153344K, committed 157696K, used 66782K [0x0000000702800000, 0x0000000800000000)
  region size 2048K, 3 young (6144K), 3 survivors (6144K)
}
Event: 4.713 {heap Before GC invocations=14 (full 0):
 garbage-first heap   total reserved 4153344K, committed 157696K, used 138462K [0x0000000702800000, 0x0000000800000000)
  region size 2048K, 38 young (77824K), 3 survivors (6144K)
}
Event: 4.720 {heap After GC invocations=15 (full 0):
 garbage-first heap   total reserved 4153344K, committed 157696K, used 70714K [0x0000000702800000, 0x0000000800000000)
  region size 2048K, 5 young (10240K), 5 survivors (10240K)
}
Event: 14.784 {heap Before GC invocations=15 (full 0):
 garbage-first heap   total reserved 4153344K, committed 157696K, used 138298K [0x0000000702800000, 0x0000000800000000)
  region size 2048K, 39 young (79872K), 5 survivors (10240K)
}
Event: 14.791 {heap After GC invocations=16 (full 0):
 garbage-first heap   total reserved 4153344K, committed 157696K, used 74760K [0x0000000702800000, 0x0000000800000000)
  region size 2048K, 3 young (6144K), 3 survivors (6144K)
}
Event: 44.948 {heap Before GC invocations=16 (full 0):
 garbage-first heap   total reserved 4153344K, committed 157696K, used 140296K [0x0000000702800000, 0x0000000800000000)
  region size 2048K, 36 young (73728K), 3 survivors (6144K)
}
Event: 44.951 {heap After GC invocations=17 (full 0):
 garbage-first heap   total reserved 4153344K, committed 157696K, used 77174K [0x0000000702800000, 0x0000000800000000)
  region size 2048K, 4 young (8192K), 4 survivors (8192K)
}

