# JRE version: Java(TM) SE Runtime Environment (25.0.2+10) (build 25.0.2+10-LTS-69)
# Java VM: Java HotSpot(TM) 64-Bit Server VM (25.0.2+10-LTS-69, mixed mode, emulated-client, sharing, tiered, compressed oops, compressed class ptrs, g1 gc, windows-amd64)
GC Precious Log:
 CardTable entry size: 512
 Card Set container configuration: InlinePtr #cards 4 size 8 Array Of Cards #cards 16 size 48 Howl #buckets 8 coarsen threshold 3686 Howl Bitmap #cards 512 size 80 coarsen threshold 460 Card regions per heap region 1 cards per card region 4096
 CPUs: 8 total, 8 available
 Memory: 16221M
 Large Page Support: Disabled
 NUMA Support: Disabled
 Compressed Oops: Enabled (Zero based)
 Heap Region Size: 2M
 Heap Min Capacity: 8M
 Heap Initial Capacity: 254M
 Heap Max Capacity: 4056M
 Pre-touch: Disabled
 Parallel Workers: 8
 Concurrent Workers: 2
 Concurrent Refinement Workers: 8
 Periodic GC: Disabled
Heap:
 garbage-first heap   total reserved 4153344K, committed 157696K, used 101923K [0x0000000702800000, 0x0000000800000000)
  region size 2048K, 27 young (55296K), 3 survivors (6144K)
GC Heap Usage History (20 events):
Event: 8.550 {heap Before GC invocations=14 (full 0):
 garbage-first heap   total reserved 4153344K, committed 131072K, used 116607K [0x0000000702800000, 0x0000000800000000)
  region size 2048K, 28 young (57344K), 3 survivors (6144K)
}
Event: 8.558 {heap After GC invocations=15 (full 0):
 garbage-first heap   total reserved 4153344K, committed 131072K, used 67651K [0x0000000702800000, 0x0000000800000000)
  region size 2048K, 4 young (8192K), 4 survivors (8192K)
}
Event: 8.946 {heap Before GC invocations=15 (full 0):
 garbage-first heap   total reserved 4153344K, committed 131072K, used 114755K [0x0000000702800000, 0x0000000800000000)
  region size 2048K, 28 young (57344K), 4 survivors (8192K)
}
Event: 8.956 {heap After GC invocations=16 (full 0):
 garbage-first heap   total reserved 4153344K, committed 157696K, used 72174K [0x0000000702800000, 0x0000000800000000)
  region size 2048K, 4 young (8192K), 4 survivors (8192K)
}
Event: 20.431 {heap Before GC invocations=17 (full 0):
 garbage-first heap   total reserved 4153344K, committed 157696K, used 139758K [0x0000000702800000, 0x0000000800000000)
  region size 2048K, 38 young (77824K), 4 survivors (8192K)
}
Event: 20.440 {heap After GC invocations=18 (full 0):
 garbage-first heap   total reserved 4153344K, committed 157696K, used 75516K [0x0000000702800000, 0x0000000800000000)
  region size 2048K, 4 young (8192K), 4 survivors (8192K)
}
Event: 54.290 {heap Before GC invocations=18 (full 0):
 garbage-first heap   total reserved 4153344K, committed 157696K, used 139004K [0x0000000702800000, 0x0000000800000000)
  region size 2048K, 36 young (73728K), 4 survivors (8192K)
}
Event: 54.297 {heap After GC invocations=19 (full 0):
 garbage-first heap   total reserved 4153344K, committed 157696K, used 77871K [0x0000000702800000, 0x0000000800000000)
  region size 2048K, 4 young (8192K), 4 survivors (8192K)
}
Event: 139.579 {heap Before GC invocations=19 (full 0):
 garbage-first heap   total reserved 4153344K, committed 157696K, used 141359K [0x0000000702800000, 0x0000000800000000)
  region size 2048K, 36 young (73728K), 4 survivors (8192K)
}
Event: 139.589 {heap After GC invocations=20 (full 0):
 garbage-first heap   total reserved 4153344K, committed 157696K, used 79754K [0x0000000702800000, 0x0000000800000000)
  region size 2048K, 3 young (6144K), 3 survivors (6144K)
}
Event: 308.317 {heap Before GC invocations=21 (full 0):
 garbage-first heap   total reserved 4153344K, committed 157696K, used 139146K [0x0000000702800000, 0x0000000800000000)
  region size 2048K, 34 young (69632K), 3 survivors (6144K)
}
Event: 308.331 {heap After GC invocations=22 (full 0):
 garbage-first heap   total reserved 4153344K, committed 157696K, used 77240K [0x0000000702800000, 0x0000000800000000)
  region size 2048K, 3 young (6144K), 3 survivors (6144K)
}
Event: 437.352 {heap Before GC invocations=22 (full 0):
 garbage-first heap   total reserved 4153344K, committed 157696K, used 142776K [0x0000000702800000, 0x0000000800000000)
  region size 2048K, 36 young (73728K), 3 survivors (6144K)
}
Event: 437.362 {heap After GC invocations=23 (full 0):
 garbage-first heap   total reserved 4153344K, committed 157696K, used 57782K [0x0000000702800000, 0x0000000800000000)
  region size 2048K, 3 young (6144K), 3 survivors (6144K)
}
Event: 553.830 {heap Before GC invocations=23 (full 0):
 garbage-first heap   total reserved 4153344K, committed 157696K, used 141750K [0x0000000702800000, 0x0000000800000000)
  region size 2048K, 45 young (92160K), 3 survivors (6144K)
}
Event: 553.840 {heap After GC invocations=24 (full 0):
 garbage-first heap   total reserved 4153344K, committed 157696K, used 54633K [0x0000000702800000, 0x0000000800000000)
  region size 2048K, 3 young (6144K), 3 survivors (6144K)
}
Event: 690.920 {heap Before GC invocations=24 (full 0):
 garbage-first heap   total reserved 4153344K, committed 157696K, used 140649K [0x0000000702800000, 0x0000000800000000)
  region size 2048K, 46 young (94208K), 3 survivors (6144K)
}
Event: 690.925 {heap After GC invocations=25 (full 0):
 garbage-first heap   total reserved 4153344K, committed 157696K, used 54751K [0x0000000702800000, 0x0000000800000000)
  region size 2048K, 3 young (6144K), 3 survivors (6144K)
}
Event: 930.495 {heap Before GC invocations=26 (full 0):
 garbage-first heap   total reserved 4153344K, committed 157696K, used 140767K [0x0000000702800000, 0x0000000800000000)
  region size 2048K, 46 young (94208K), 3 survivors (6144K)
}
Event: 930.500 {heap After GC invocations=27 (full 0):
 garbage-first heap   total reserved 4153344K, committed 157696K, used 54819K [0x0000000702800000, 0x0000000800000000)
  region size 2048K, 3 young (6144K), 3 survivors (6144K)
}

